<?xml version="1.0" encoding="utf-8"?>
<TestRun id="dcdc22f9-2ea0-423d-9d6e-b785fd010396" name="Taha@DESKTOP-R5TG6Q1 2025-04-17 22:37:03" runUser="DESKTOP-R5TG6Q1\Taha" xmlns="http://microsoft.com/schemas/VisualStudio/TeamTest/2010">
  <Times creation="2025-04-17T22:37:03.0556457+05:00" queuing="2025-04-17T22:37:03.0556462+05:00" start="2025-04-17T22:36:18.5835871+05:00" finish="2025-04-17T22:37:03.0668421+05:00" />
  <TestSettings name="default" id="b00c41a1-8fc1-404d-8c7c-184783a11ce7">
    <Deployment runDeploymentRoot="Taha_DESKTOP-R5TG6Q1_2025-04-17_22_37_03" />
  </TestSettings>
  <Results>
    <UnitTestResult executionId="fec0375e-5a4b-4f6b-9617-190f9fd6d32b" testId="d236b48a-9589-fb2d-1984-194d9d309793" testName="ValidLogin" computerName="DESKTOP-R5TG6Q1" duration="00:00:42.6371430" startTime="2025-04-17T22:36:20.2232561+05:00" endTime="2025-04-17T22:37:02.8602472+05:00" testType="13cdc9d9-ddb5-4fa4-a97d-d965ccfc6d4b" outcome="Passed" testListId="8c84fa94-04c1-424b-9868-57a2d4851a1d" relativeResultsDirectory="fec0375e-5a4b-4f6b-9617-190f9fd6d32b">
      <Output>
        <StdOut>Given I am on the login page&#xD;
When I enter username "YOUR_USERNAME" and password "YOUR_PASSWORD"&#xD;
And I click login&#xD;
Then I should see the dashboard</StdOut>
      </Output>
    </UnitTestResult>
  </Results>
  <TestDefinitions>
    <UnitTest name="ValidLogin" storage="d:\rider\granite_automation\tests\bin\debug\net8.0\tests.dll" id="d236b48a-9589-fb2d-1984-194d9d309793">
      <Execution id="fec0375e-5a4b-4f6b-9617-190f9fd6d32b" />
      <TestMethod codeBase="D:\Rider\Granite_Automation\Tests\bin\Debug\net8.0\Tests.dll" adapterTypeName="executor://nunit3testexecutor/" className="Tests.Features.LoginFeature" name="ValidLogin" />
    </UnitTest>
  </TestDefinitions>
  <TestEntries>
    <TestEntry testId="d236b48a-9589-fb2d-1984-194d9d309793" executionId="fec0375e-5a4b-4f6b-9617-190f9fd6d32b" testListId="8c84fa94-04c1-424b-9868-57a2d4851a1d" />
  </TestEntries>
  <TestLists>
    <TestList name="Results Not in a List" id="8c84fa94-04c1-424b-9868-57a2d4851a1d" />
    <TestList name="All Loaded Results" id="19431567-8539-422a-85d7-44ee4e166bda" />
  </TestLists>
  <ResultSummary outcome="Completed">
    <Counters total="1" executed="1" passed="1" failed="0" error="0" timeout="0" aborted="0" inconclusive="0" passedButRunAborted="0" notRunnable="0" notExecuted="0" disconnected="0" warning="0" completed="0" inProgress="0" pending="0" />
    <Output>
      <StdOut>NUnit Adapter 5.0.0.0: Test execution started&#xD;
Running all tests in D:\Rider\Granite_Automation\Tests\bin\Debug\net8.0\Tests.dll&#xD;
   NUnit3TestExecutor discovered 1 of 1 NUnit test cases using Current Discovery mode, Non-Explicit run&#xD;
Given I am on the login page&#xD;
When I enter username "YOUR_USERNAME" and password "YOUR_PASSWORD"&#xD;
And I click login&#xD;
Then I should see the dashboard&#xD;
&#xD;
NUnit Adapter 5.0.0.0: Test execution complete&#xD;
</StdOut>
    </Output>
  </ResultSummary>
</TestRun>